#
# There is insufficient memory for the Java Runtime Environment to continue.
# Native memory allocation (malloc) failed to allocate 1048576 bytes for AllocateHeap
# Possible reasons:
#   The system is out of physical RAM or swap space
#   The process is running with CompressedOops enabled, and the Java Heap may be blocking the growth of the native heap
# Possible solutions:
#   Reduce memory load on the system
#   Increase physical memory or swap space
#   Check if swap backing store is full
#   Decrease Java heap size (-Xmx/-Xms)
#   Decrease number of Java threads
#   Decrease Java thread stack sizes (-Xss)
#   Set larger code cache with -XX:ReservedCodeCacheSize=
#   JVM is running with Unscaled Compressed Oops mode in which the Java heap is
#     placed in the first 4GB address space. The Java Heap base address is the
#     maximum limit for the native heap growth. Please use -XX:HeapBaseMinAddress
#     to set the Java Heap base and to place the Java Heap above 4GB virtual address.
# This output file may be truncated or incomplete.
#
#  Out of Memory Error (memory/allocation.inline.hpp:63), pid=3888, tid=4204
#
# JRE version: Java(TM) SE Runtime Environment (10.0.1+10) (build 10.0.1+10)
# Java VM: Java HotSpot(TM) 64-Bit Server VM (10.0.1+10, mixed mode, tiered, compressed oops, g1 gc, windows-amd64)
# No core dump will be written. Minidumps are not enabled by default on client versions of Windows
#

---------------  S U M M A R Y ------------

Command Line: -Dfile.encoding=Cp1252 collections.ArrayToArrayList

Host: Intel(R) Celeron(R) CPU  N2840  @ 2.16GHz, 2 cores, 1G,  Windows 10 , 64 bit Build 10586 (10.0.10586.0)
Time: Tue Aug 28 19:23:43 2018 India Standard Time elapsed time: 1 seconds (0d 0h 0m 1s)

---------------  T H R E A D  ---------------

Current thread (0x00000289b24c3800):  VMThread "VM Thread" [stack: 0x000000dcd7f00000,0x000000dcd8000000] [id=4204]

Stack: [0x000000dcd7f00000,0x000000dcd8000000]
[error occurred during error reporting (printing stack bounds), id 0xe0000001]

Native frames: (J=compiled Java code, j=interpreted, Vv=VM code, C=native code)
V  [jvm.dll+0x5a0369]
V  [jvm.dll+0x6bcf81]
V  [jvm.dll+0x6be176]
V  [jvm.dll+0x6be765]
V  [jvm.dll+0x6be71b]
V  [jvm.dll+0x59fb63]
V  [jvm.dll+0x59ff68]
C  [ntdll.dll+0xa9afd]
C  [ntdll.dll+0x34fe9]
C  [ntdll.dll+0xa8c0a]
C  0x000002899f3c0ebe

VM_Operation (0x000000dcd77fe1b0): CollectForMetadataAllocation, mode: safepoint, requested by thread 0x00000289963b6000


---------------  P R O C E S S  ---------------

Threads class SMR info:
_java_thread_list=0x00000289b2501580, length=8, elements={
0x00000289963b6000, 0x00000289b24f2000, 0x00000289b24fc000, 0x00000289b2500800,
0x00000289b250b000, 0x00000289b250d000, 0x00000289b256b800, 0x00000289b2570800
}

Java Threads: ( => current thread )
  0x00000289963b6000 JavaThread "main" [_thread_blocked, id=7940, stack(0x000000dcd7700000,0x000000dcd7800000)]
  0x00000289b24f2000 JavaThread "Reference Handler" daemon [_thread_blocked, id=756, stack(0x000000dcd8000000,0x000000dcd8100000)]
  0x00000289b24fc000 JavaThread "Finalizer" daemon [_thread_blocked, id=6900, stack(0x000000dcd8100000,0x000000dcd8200000)]
  0x00000289b2500800 JavaThread "Signal Dispatcher" daemon [_thread_blocked, id=3908, stack(0x000000dcd8200000,0x000000dcd8300000)]
  0x00000289b250b000 JavaThread "Attach Listener" daemon [_thread_blocked, id=5316, stack(0x000000dcd8300000,0x000000dcd8400000)]
  0x00000289b250d000 JavaThread "C2 CompilerThread0" daemon [_thread_blocked, id=3828, stack(0x000000dcd8400000,0x000000dcd8500000)]
  0x00000289b256b800 JavaThread "C1 CompilerThread1" daemon [_thread_blocked, id=5560, stack(0x000000dcd8500000,0x000000dcd8600000)]
  0x00000289b2570800 JavaThread "Sweeper thread" daemon [_thread_blocked, id=652, stack(0x000000dcd8600000,0x000000dcd8700000)]

Other Threads:
=>0x00000289b24c3800 VMThread "VM Thread" [stack: 0x000000dcd7f00000,0x000000dcd8000000] [id=4204]
  0x0000028997bfc800 GCTaskThread "GC Thread#0" [stack: 0x000000dcd7800000,0x000000dcd7900000] [id=4028]
  0x0000028997bfe000 GCTaskThread "GC Thread#1" [stack: 0x000000dcd7900000,0x000000dcd7a00000] [id=940]
  0x0000028997c1d800 ConcurrentGCThread "G1 Main Marker" [stack: 0x000000dcd7a00000,0x000000dcd7b00000] [id=8964]
  0x0000028997c21800 ConcurrentGCThread "G1 Conc#0" [stack: 0x000000dcd7b00000,0x000000dcd7c00000] [id=3848]
  0x0000028997c4d800 ConcurrentGCThread "G1 Refine#0" [stack: 0x000000dcd7c00000,0x000000dcd7d00000] [id=2864]
  0x0000028997c51800 ConcurrentGCThread "G1 Refine#1" [stack: 0x000000dcd7d00000,0x000000dcd7e00000] [id=1872]
  0x0000028997c53800 ConcurrentGCThread "G1 Young RemSet Sampling" [stack: 0x000000dcd7e00000,0x000000dcd7f00000] [id=8420]

Threads with active compile tasks:

VM state:at safepoint (normal execution)

VM Mutex/Monitor currently owned by a thread:  ([mutex/lock_event])
[0x00000289963b54d0] Threads_lock - owner thread: 0x00000289b24c3800
[0x00000289963b4b40] Heap_lock - owner thread: 0x00000289963b6000

Heap address: 0x00000000e1a00000, size: 486 MB, Compressed Oops mode: 32-bit
Narrow klass base: 0x0000000000000000, Narrow klass shift: 3
Compressed class space size: 1073741824 Address: 0x0000000100000000

Heap:
 garbage-first heap   total 32768K, used 552K [0x00000000e1a00000, 0x0000000100000000)
  region size 1024K, 1 young (1024K), 1 survivors (1024K)
 Metaspace       used 2780K, capacity 2908K, committed 2944K, reserved 1083392K
  class space    used 258K, capacity 384K, committed 384K, reserved 1048576K
Heap Regions: E=young(eden), S=young(survivor), O=old, HS=humongous(starts), HC=humongous(continues), CS=collection set, F=free, A=archive, TS=gc time stamp, AC=allocation context, TAMS=top-at-mark-start (previous, next)
|   0|0x00000000e1a00000, 0x00000000e1a00000, 0x00000000e1b00000|  0%| F|  |TS  0|AC  0|TAMS 0x00000000e1a00000, 0x00000000e1a00000|
|   1|0x00000000e1b00000, 0x00000000e1b00000, 0x00000000e1c00000|  0%| F|  |TS  0|AC  0|TAMS 0x00000000e1b00000, 0x00000000e1b00000|
|   2|0x00000000e1c00000, 0x00000000e1c00000, 0x00000000e1d00000|  0%| F|  |TS  0|AC  0|TAMS 0x00000000e1c00000, 0x00000000e1c00000|
|   3|0x00000000e1d00000, 0x00000000e1d00000, 0x00000000e1e00000|  0%| F|  |TS  0|AC  0|TAMS 0x00000000e1d00000, 0x00000000e1d00000|
|   4|0x00000000e1e00000, 0x00000000e1e00000, 0x00000000e1f00000|  0%| F|  |TS  0|AC  0|TAMS 0x00000000e1e00000, 0x00000000e1e00000|
|   5|0x00000000e1f00000, 0x00000000e1f00000, 0x00000000e2000000|  0%| F|  |TS  0|AC  0|TAMS 0x00000000e1f00000, 0x00000000e1f00000|
|   6|0x00000000e2000000, 0x00000000e2000000, 0x00000000e2100000|  0%| F|  |TS  0|AC  0|TAMS 0x00000000e2000000, 0x00000000e2000000|
|   7|0x00000000e2100000, 0x00000000e2100000, 0x00000000e2200000|  0%| F|  |TS  0|AC  0|TAMS 0x00000000e2100000, 0x00000000e2100000|
|   8|0x00000000e2200000, 0x00000000e2200000, 0x00000000e2300000|  0%| F|  |TS  0|AC  0|TAMS 0x00000000e2200000, 0x00000000e2200000|
|   9|0x00000000e2300000, 0x00000000e2300000, 0x00000000e2400000|  0%| F|  |TS  0|AC  0|TAMS 0x00000000e2300000, 0x00000000e2300000|
|  10|0x00000000e2400000, 0x00000000e2400000, 0x00000000e2500000|  0%| F|  |TS  0|AC  0|TAMS 0x00000000e2400000, 0x00000000e2400000|
|  11|0x00000000e2500000, 0x00000000e2500000, 0x00000000e2600000|  0%| F|  |TS  0|AC  0|TAMS 0x00000000e2500000, 0x00000000e2500000|
|  12|0x00000000e2600000, 0x00000000e2600000, 0x00000000e2700000|  0%| F|  |TS  0|AC  0|TAMS 0x00000000e2600000, 0x00000000e2600000|
|  13|0x00000000e2700000, 0x00000000e2700000, 0x00000000e2800000|  0%| F|  |TS  0|AC  0|TAMS 0x00000000e2700000, 0x00000000e2700000|
|  14|0x00000000e2800000, 0x00000000e2800000, 0x00000000e2900000|  0%| F|  |TS  0|AC  0|TAMS 0x00000000e2800000, 0x00000000e2800000|
|  15|0x00000000e2900000, 0x00000000e2900000, 0x00000000e2a00000|  0%| F|  |TS  0|AC  0|TAMS 0x00000000e2900000, 0x00000000e2900000|
|  16|0x00000000e2a00000, 0x00000000e2a00000, 0x00000000e2b00000|  0%| F|  |TS  0|AC  0|TAMS 0x00000000e2a00000, 0x00000000e2a00000|
|  17|0x00000000e2b00000, 0x00000000e2b00000, 0x00000000e2c00000|  0%| F|  |TS  0|AC  0|TAMS 0x00000000e2b00000, 0x00000000e2b00000|
|  18|0x00000000e2c00000, 0x00000000e2c00000, 0x00000000e2d00000|  0%| F|  |TS  0|AC  0|TAMS 0x00000000e2c00000, 0x00000000e2c00000|
|  19|0x00000000e2d00000, 0x00000000e2d00000, 0x00000000e2e00000|  0%| F|  |TS  0|AC  0|TAMS 0x00000000e2d00000, 0x00000000e2d00000|
|  20|0x00000000e2e00000, 0x00000000e2e00000, 0x00000000e2f00000|  0%| F|  |TS  0|AC  0|TAMS 0x00000000e2e00000, 0x00000000e2e00000|
|  21|0x00000000e2f00000, 0x00000000e2f00000, 0x00000000e3000000|  0%| F|  |TS  0|AC  0|TAMS 0x00000000e2f00000, 0x00000000e2f00000|
|  22|0x00000000e3000000, 0x00000000e3000000, 0x00000000e3100000|  0%| F|  |TS  0|AC  0|TAMS 0x00000000e3000000, 0x00000000e3000000|
|  23|0x00000000e3100000, 0x00000000e3100000, 0x00000000e3200000|  0%| F|  |TS  0|AC  0|TAMS 0x00000000e3100000, 0x00000000e3100000|
|  24|0x00000000e3200000, 0x00000000e3200000, 0x00000000e3300000|  0%| F|  |TS  0|AC  0|TAMS 0x00000000e3200000, 0x00000000e3200000|
|  25|0x00000000e3300000, 0x00000000e3300000, 0x00000000e3400000|  0%| F|  |TS  0|AC  0|TAMS 0x00000000e3300000, 0x00000000e3300000|
|  26|0x00000000e3400000, 0x00000000e3400000, 0x00000000e3500000|  0%| F|  |TS  0|AC  0|TAMS 0x00000000e3400000, 0x00000000e3400000|
|  27|0x00000000e3500000, 0x00000000e3500000, 0x00000000e3600000|  0%| F|  |TS  0|AC  0|TAMS 0x00000000e3500000, 0x00000000e3500000|
|  28|0x00000000e3600000, 0x00000000e3600000, 0x00000000e3700000|  0%| F|  |TS  0|AC  0|TAMS 0x00000000e3600000, 0x00000000e3600000|
|  29|0x00000000e3700000, 0x00000000e3700000, 0x00000000e3800000|  0%| F|  |TS  0|AC  0|TAMS 0x00000000e3700000, 0x00000000e3700000|
|  30|0x00000000e3800000, 0x00000000e388a050, 0x00000000e3900000| 53%| S|CS|TS  1|AC  0|TAMS 0x00000000e3800000, 0x00000000e3800000|
|  31|0x00000000e3900000, 0x00000000e3900000, 0x00000000e3a00000|  0%| F|  |TS  1|AC  0|TAMS 0x00000000e3900000, 0x00000000e3900000|

Card table byte_map: [0x00000289ae8c0000,0x00000289ae9c0000] byte_map_base: 0x00000289ae1b3000

Marking Bits (Prev, Next): (CMBitMap*) 0x0000028997c1ba80, (CMBitMap*) 0x0000028997c1bab8
 Prev Bits: [0x00000289aeac0000, 0x00000289af258000)
 Next Bits: [0x00000289af260000, 0x00000289af9f8000)

Polling page: 0x0000028996290000

CodeHeap 'non-profiled nmethods': size=120064Kb used=24Kb max_used=24Kb free=120039Kb
 bounds [0x00000289a6e80000, 0x00000289a70f0000, 0x00000289ae3c0000]
CodeHeap 'profiled nmethods': size=120000Kb used=109Kb max_used=109Kb free=119890Kb
 bounds [0x000002899f950000, 0x000002899fbc0000, 0x00000289a6e80000]
CodeHeap 'non-nmethods': size=5696Kb used=980Kb max_used=991Kb free=4715Kb
 bounds [0x000002899f3c0000, 0x000002899f630000, 0x000002899f950000]
 total_blobs=370 nmethods=83 adapters=144
 compilation: enabled

Compilation events (10 events):
Event: 1.415 Thread 0x00000289b256b800   82       3       java.util.HashMap::resize (358 bytes)
Event: 1.417 Thread 0x00000289b256b800 nmethod 82 0x000002899f968a90 code [0x000002899f968d60, 0x000002899f96a1f0]
Event: 1.417 Thread 0x00000289b256b800   80       3       java.util.HashSet::<init> (16 bytes)
Event: 1.418 Thread 0x00000289b256b800 nmethod 80 0x000002899f96a690 code [0x000002899f96a880, 0x000002899f96acd8]
Event: 1.418 Thread 0x00000289b256b800   84       1       java.util.concurrent.ConcurrentHashMap::spread (10 bytes)
Event: 1.418 Thread 0x00000289b256b800 nmethod 84 0x00000289a6e85f10 code [0x00000289a6e860c0, 0x00000289a6e861b8]
Event: 1.418 Thread 0x00000289b256b800   81       3       java.util.ImmutableCollections$Set2$1::hasNext (14 bytes)
Event: 1.418 Thread 0x00000289b256b800 nmethod 81 0x000002899f96ae90 code [0x000002899f96b040, 0x000002899f96b1f8]
Event: 1.418 Thread 0x00000289b256b800   83       3       java.lang.Math::min (11 bytes)
Event: 1.418 Thread 0x00000289b256b800 nmethod 83 0x000002899f96b290 code [0x000002899f96b440, 0x000002899f96b5d8]

GC Heap History (2 events):
Event: 1.420 GC heap before
{Heap before GC invocations=0 (full 0):
 garbage-first heap   total 32768K, used 0K [0x00000000e1a00000, 0x0000000100000000)
  region size 1024K, 1 young (1024K), 0 survivors (0K)
 Metaspace       used 2780K, capacity 2908K, committed 2944K, reserved 1081344K
  class space    used 258K, capacity 384K, committed 384K, reserved 1048576K
}
Event: 1.423 GC heap after
{Heap after GC invocations=1 (full 0):
 garbage-first heap   total 32768K, used 552K [0x00000000e1a00000, 0x0000000100000000)
  region size 1024K, 1 young (1024K), 1 survivors (1024K)
 Metaspace       used 2780K, capacity 2908K, committed 2944K, reserved 1081344K
  class space    used 258K, capacity 384K, committed 384K, reserved 1048576K
}

Deoptimization events (0 events):
No events

Classes redefined (0 events):
No events

Internal exceptions (0 events):
No events

Events (10 events):
Event: 1.416 loading class java/util/concurrent/CopyOnWriteArrayList
Event: 1.417 loading class java/util/concurrent/CopyOnWriteArrayList done
Event: 1.419 loading class java/util/HashMap$KeySet
Event: 1.419 loading class java/util/HashMap$KeySet done
Event: 1.419 loading class java/util/HashMap$KeyIterator
Event: 1.419 loading class java/util/HashMap$HashIterator
Event: 1.419 loading class java/util/HashMap$HashIterator done
Event: 1.419 loading class java/util/HashMap$KeyIterator done
Event: 1.419 loading class java/lang/ModuleLayer$Controller
Event: 1.420 Executing VM operation: CollectForMetadataAllocation


Dynamic libraries:
0x00007ff7c5d10000 - 0x00007ff7c5d4e000 	C:\Program Files\Java\jre-10.0.1\bin\javaw.exe
0x00007ffc82970000 - 0x00007ffc82b31000 	C:\Windows\SYSTEM32\ntdll.dll
0x00007ffc823b0000 - 0x00007ffc8245d000 	C:\Windows\system32\KERNEL32.DLL
0x00007ffc7f2c0000 - 0x00007ffc7f4a8000 	C:\Windows\system32\KERNELBASE.dll
0x00007ffc820b0000 - 0x00007ffc82157000 	C:\Windows\system32\ADVAPI32.dll
0x00007ffc7ff10000 - 0x00007ffc7ffad000 	C:\Windows\system32\msvcrt.dll
0x00007ffc822f0000 - 0x00007ffc8234b000 	C:\Windows\system32\sechost.dll
0x00007ffc804c0000 - 0x00007ffc805dc000 	C:\Windows\system32\RPCRT4.dll
0x00007ffc80210000 - 0x00007ffc80366000 	C:\Windows\system32\USER32.dll
0x00007ffc81ba0000 - 0x00007ffc81d26000 	C:\Windows\system32\GDI32.dll
0x00007ffc72360000 - 0x00007ffc725d4000 	C:\Windows\WinSxS\amd64_microsoft.windows.common-controls_6595b64144ccf1df_6.0.10586.494_none_a2d8b04ea53e3145\COMCTL32.dll
0x00007ffc81e20000 - 0x00007ffc8209d000 	C:\Windows\system32\combase.dll
0x00007ffc7f250000 - 0x00007ffc7f2ba000 	C:\Windows\system32\bcryptPrimitives.dll
0x00007ffc763b0000 - 0x00007ffc763ba000 	C:\Windows\SYSTEM32\VERSION.dll
0x00007ffc7fed0000 - 0x00007ffc7ff0b000 	C:\Windows\system32\IMM32.DLL
0x00007ffc5ba30000 - 0x00007ffc5bb1f000 	C:\Program Files\Java\jre-10.0.1\bin\msvcr120.dll
0x00007ffc61a80000 - 0x00007ffc61b26000 	C:\Program Files\Java\jre-10.0.1\bin\msvcp120.dll
0x0000000071e20000 - 0x0000000072890000 	C:\Program Files\Java\jre-10.0.1\bin\server\jvm.dll
0x00007ffc821d0000 - 0x00007ffc821d8000 	C:\Windows\system32\PSAPI.DLL
0x00007ffc77a10000 - 0x00007ffc77a19000 	C:\Windows\SYSTEM32\WSOCK32.dll
0x00007ffc82160000 - 0x00007ffc821cb000 	C:\Windows\system32\WS2_32.dll
0x00007ffc7d210000 - 0x00007ffc7d233000 	C:\Windows\SYSTEM32\WINMM.dll
0x00007ffc7d1b0000 - 0x00007ffc7d1dc000 	C:\Windows\SYSTEM32\WINMMBASE.dll
0x00007ffc7f560000 - 0x00007ffc7f5a3000 	C:\Windows\system32\cfgmgr32.dll
0x00007ffc77a00000 - 0x00007ffc77a0f000 	C:\Program Files\Java\jre-10.0.1\bin\verify.dll
0x00007ffc613e0000 - 0x00007ffc6156c000 	C:\Windows\SYSTEM32\DBGHELP.DLL
0x00007ffc7d320000 - 0x00007ffc7d345000 	C:\Windows\SYSTEM32\dbgcore.DLL
0x00007ffc768c0000 - 0x00007ffc768e7000 	C:\Program Files\Java\jre-10.0.1\bin\java.dll
0x00007ffc779e0000 - 0x00007ffc779f6000 	C:\Program Files\Java\jre-10.0.1\bin\zip.dll
0x00007ffc768b0000 - 0x00007ffc768ba000 	C:\Program Files\Java\jre-10.0.1\bin\jimage.dll
0x00007ffc805e0000 - 0x00007ffc81b3c000 	C:\Windows\system32\SHELL32.dll
0x00007ffc7f700000 - 0x00007ffc7fd45000 	C:\Windows\system32\windows.storage.dll
0x00007ffc81b40000 - 0x00007ffc81b92000 	C:\Windows\system32\shlwapi.dll
0x00007ffc7efc0000 - 0x00007ffc7efcf000 	C:\Windows\system32\kernel.appcore.dll
0x00007ffc7f5b0000 - 0x00007ffc7f665000 	C:\Windows\system32\shcore.dll
0x00007ffc7efd0000 - 0x00007ffc7f01b000 	C:\Windows\system32\powrprof.dll
0x00007ffc7ef90000 - 0x00007ffc7efa4000 	C:\Windows\system32\profapi.dll

dbghelp: loaded successfully - version: 4.0.5 - missing functions: none
symbol engine: initialized successfully - sym options: 0x614 - pdb path: .;C:\Program Files\Java\jre-10.0.1\bin;C:\Windows\SYSTEM32;C:\Windows\WinSxS\amd64_microsoft.windows.common-controls_6595b64144ccf1df_6.0.10586.494_none_a2d8b04ea53e3145;C:\Program Files\Java\jre-10.0.1\bin\server

VM Arguments:
jvm_args: -Dfile.encoding=Cp1252 
java_command: collections.ArrayToArrayList
java_class_path (initial): C:\Users\kuldy\Desktop\eclipspro\corejava\bin
Launcher Type: SUN_STANDARD

Logging:
Log output configuration:
#0: stdout all=warning uptime,level,tags
#1: stderr all=off uptime,level,tags

Environment Variables:
PATH=C:\Program Files (x86)\Common Files\Oracle\Java\javapath;C:\Windows\system32;C:\Windows;C:\Windows\System32\Wbem;C:\Windows\System32\WindowsPowerShell\v1.0\;C:\Program Files\Java\jdk-10.0.1\bin
USERNAME=kuldy
OS=Windows_NT
PROCESSOR_IDENTIFIER=Intel64 Family 6 Model 55 Stepping 8, GenuineIntel



---------------  S Y S T E M  ---------------

OS: Windows 10 , 64 bit Build 10586 (10.0.10586.0)

CPU:total 2 (initial active 2) (2 cores per cpu, 1 threads per core) family 6 model 55 stepping 8, cmov, cx8, fxsr, mmx, sse, sse2, sse3, ssse3, sse4.1, sse4.2, popcnt, clmul, erms, 3dnowpref, tsc, tscinvbit

Memory: 4k page, physical 1985572k(198476k free), swap 3807704k(0k free)

vm_info: Java HotSpot(TM) 64-Bit Server VM (10.0.1+10) for windows-amd64 JRE (10.0.1+10), built on Mar 27 2018 02:27:48 by "mach5one" with MS VC++ 12.0 (VS2013)

END.
